Build started 10/7/2015 7:29:40 AM.
Project "\\vmware-host\Shared Folders\Documents\School\Lab4 Part 1\Lab4 Part 1\Lab4 Part 1.vcxproj" on node 2 (Rebuild target(s)).
ClCompile:
  C:\Program Files (x86)\Microsoft Visual Studio 14.0\VC\bin\CL.exe /c /ZI /nologo /W3 /WX- /sdl /Od /Oy- /D WIN32 /D _DEBUG /D _CONSOLE /D _UNICODE /D UNICODE /Gm /EHsc /RTC1 /MDd /GS /fp:precise /Zc:wchar_t /Zc:forScope /Zc:inline /Fo"Debug\\" /Fd"Debug\vc140.pdb" /Gd /TP /analyze- /errorReport:prompt list.cpp Main.cpp Part1.cpp WordNode.cpp WordNodeList.cpp
  WordNodeList.cpp
  WordNode.cpp
  Part1.cpp
  Main.cpp
\\vmware-host\shared folders\documents\school\lab4 part 1\lab4 part 1\main.cpp(15): warning C4101: 'temp2': unreferenced local variable
  list.cpp
  Generating Code...
Link:
  C:\Program Files (x86)\Microsoft Visual Studio 14.0\VC\bin\link.exe /ERRORREPORT:PROMPT /OUT:"\\vmware-host\Shared Folders\Documents\School\Lab4 Part 1\Debug\Lab4 Part 1.exe" /INCREMENTAL /NOLOGO kernel32.lib user32.lib gdi32.lib winspool.lib comdlg32.lib advapi32.lib shell32.lib ole32.lib oleaut32.lib uuid.lib odbc32.lib odbccp32.lib /MANIFEST /MANIFESTUAC:"level='asInvoker' uiAccess='false'" /manifest:embed /Debug /PDB:"\\vmware-host\Shared Folders\Documents\School\Lab4 Part 1\Debug\Lab4 Part 1.pdb" /SUBSYSTEM:CONSOLE /TLBID:1 /DYNAMICBASE /NXCOMPAT /IMPLIB:"\\vmware-host\Shared Folders\Documents\School\Lab4 Part 1\Debug\Lab4 Part 1.lib" /MACHINE:X86 Debug\list.obj
  Debug\Main.obj
  Debug\Part1.obj
  Debug\WordNode.obj
  Debug\WordNodeList.obj
  Lab4 Part 1.vcxproj -> \\vmware-host\Shared Folders\Documents\School\Lab4 Part 1\Debug\Lab4 Part 1.exe
Done Building Project "\\vmware-host\Shared Folders\Documents\School\Lab4 Part 1\Lab4 Part 1\Lab4 Part 1.vcxproj" (Rebuild target(s)).

Build succeeded.

Time Elapsed 00:00:04.43
